0 info it worked if it ends with ok
1 verbose cli [ '/usr/local/bin/node',
1 verbose cli   '/usr/local/bin/npm',
1 verbose cli   'install',
1 verbose cli   'hubot',
1 verbose cli   'hubot-scripts',
1 verbose cli   'hubot-diagnostics',
1 verbose cli   'hubot-help',
1 verbose cli   'hubot-heroku-keepalive',
1 verbose cli   'hubot-google-images',
1 verbose cli   'hubot-google-translate',
1 verbose cli   'hubot-pugme',
1 verbose cli   'hubot-maps',
1 verbose cli   'hubot-redis-brain',
1 verbose cli   'hubot-rules',
1 verbose cli   'hubot-shipit',
1 verbose cli   'hubot-slack',
1 verbose cli   '--save' ]
2 info using npm@3.10.5
3 info using node@v4.4.7
4 silly loadCurrentTree Starting
5 silly install loadCurrentTree
6 silly install readLocalPackageData
7 silly fetchPackageMetaData hubot
8 silly fetchPackageMetaData hubot-scripts
9 silly fetchPackageMetaData hubot-diagnostics
10 silly fetchPackageMetaData hubot-help
11 silly fetchPackageMetaData hubot-heroku-keepalive
12 silly fetchPackageMetaData hubot-google-images
13 silly fetchPackageMetaData hubot-google-translate
14 silly fetchPackageMetaData hubot-pugme
15 silly fetchPackageMetaData hubot-maps
16 silly fetchPackageMetaData hubot-redis-brain
17 silly fetchPackageMetaData hubot-rules
18 silly fetchPackageMetaData hubot-shipit
19 silly fetchPackageMetaData hubot-slack
20 silly fetchNamedPackageData hubot
21 silly mapToRegistry name hubot
22 silly mapToRegistry using default registry
23 silly mapToRegistry registry https://registry.npmjs.org/
24 silly mapToRegistry data Result {
24 silly mapToRegistry   raw: 'hubot',
24 silly mapToRegistry   scope: null,
24 silly mapToRegistry   escapedName: 'hubot',
24 silly mapToRegistry   name: 'hubot',
24 silly mapToRegistry   rawSpec: '',
24 silly mapToRegistry   spec: 'latest',
24 silly mapToRegistry   type: 'tag' }
25 silly mapToRegistry uri https://registry.npmjs.org/hubot
26 silly fetchNamedPackageData hubot-scripts
27 silly mapToRegistry name hubot-scripts
28 silly mapToRegistry using default registry
29 silly mapToRegistry registry https://registry.npmjs.org/
30 silly mapToRegistry data Result {
30 silly mapToRegistry   raw: 'hubot-scripts',
30 silly mapToRegistry   scope: null,
30 silly mapToRegistry   escapedName: 'hubot-scripts',
30 silly mapToRegistry   name: 'hubot-scripts',
30 silly mapToRegistry   rawSpec: '',
30 silly mapToRegistry   spec: 'latest',
30 silly mapToRegistry   type: 'tag' }
31 silly mapToRegistry uri https://registry.npmjs.org/hubot-scripts
32 silly fetchNamedPackageData hubot-diagnostics
33 silly mapToRegistry name hubot-diagnostics
34 silly mapToRegistry using default registry
35 silly mapToRegistry registry https://registry.npmjs.org/
36 silly mapToRegistry data Result {
36 silly mapToRegistry   raw: 'hubot-diagnostics',
36 silly mapToRegistry   scope: null,
36 silly mapToRegistry   escapedName: 'hubot-diagnostics',
36 silly mapToRegistry   name: 'hubot-diagnostics',
36 silly mapToRegistry   rawSpec: '',
36 silly mapToRegistry   spec: 'latest',
36 silly mapToRegistry   type: 'tag' }
37 silly mapToRegistry uri https://registry.npmjs.org/hubot-diagnostics
38 silly fetchNamedPackageData hubot-help
39 silly mapToRegistry name hubot-help
40 silly mapToRegistry using default registry
41 silly mapToRegistry registry https://registry.npmjs.org/
42 silly mapToRegistry data Result {
42 silly mapToRegistry   raw: 'hubot-help',
42 silly mapToRegistry   scope: null,
42 silly mapToRegistry   escapedName: 'hubot-help',
42 silly mapToRegistry   name: 'hubot-help',
42 silly mapToRegistry   rawSpec: '',
42 silly mapToRegistry   spec: 'latest',
42 silly mapToRegistry   type: 'tag' }
43 silly mapToRegistry uri https://registry.npmjs.org/hubot-help
44 silly fetchNamedPackageData hubot-heroku-keepalive
45 silly mapToRegistry name hubot-heroku-keepalive
46 silly mapToRegistry using default registry
47 silly mapToRegistry registry https://registry.npmjs.org/
48 silly mapToRegistry data Result {
48 silly mapToRegistry   raw: 'hubot-heroku-keepalive',
48 silly mapToRegistry   scope: null,
48 silly mapToRegistry   escapedName: 'hubot-heroku-keepalive',
48 silly mapToRegistry   name: 'hubot-heroku-keepalive',
48 silly mapToRegistry   rawSpec: '',
48 silly mapToRegistry   spec: 'latest',
48 silly mapToRegistry   type: 'tag' }
49 silly mapToRegistry uri https://registry.npmjs.org/hubot-heroku-keepalive
50 silly fetchNamedPackageData hubot-google-images
51 silly mapToRegistry name hubot-google-images
52 silly mapToRegistry using default registry
53 silly mapToRegistry registry https://registry.npmjs.org/
54 silly mapToRegistry data Result {
54 silly mapToRegistry   raw: 'hubot-google-images',
54 silly mapToRegistry   scope: null,
54 silly mapToRegistry   escapedName: 'hubot-google-images',
54 silly mapToRegistry   name: 'hubot-google-images',
54 silly mapToRegistry   rawSpec: '',
54 silly mapToRegistry   spec: 'latest',
54 silly mapToRegistry   type: 'tag' }
55 silly mapToRegistry uri https://registry.npmjs.org/hubot-google-images
56 silly fetchNamedPackageData hubot-google-translate
57 silly mapToRegistry name hubot-google-translate
58 silly mapToRegistry using default registry
59 silly mapToRegistry registry https://registry.npmjs.org/
60 silly mapToRegistry data Result {
60 silly mapToRegistry   raw: 'hubot-google-translate',
60 silly mapToRegistry   scope: null,
60 silly mapToRegistry   escapedName: 'hubot-google-translate',
60 silly mapToRegistry   name: 'hubot-google-translate',
60 silly mapToRegistry   rawSpec: '',
60 silly mapToRegistry   spec: 'latest',
60 silly mapToRegistry   type: 'tag' }
61 silly mapToRegistry uri https://registry.npmjs.org/hubot-google-translate
62 silly fetchNamedPackageData hubot-pugme
63 silly mapToRegistry name hubot-pugme
64 silly mapToRegistry using default registry
65 silly mapToRegistry registry https://registry.npmjs.org/
66 silly mapToRegistry data Result {
66 silly mapToRegistry   raw: 'hubot-pugme',
66 silly mapToRegistry   scope: null,
66 silly mapToRegistry   escapedName: 'hubot-pugme',
66 silly mapToRegistry   name: 'hubot-pugme',
66 silly mapToRegistry   rawSpec: '',
66 silly mapToRegistry   spec: 'latest',
66 silly mapToRegistry   type: 'tag' }
67 silly mapToRegistry uri https://registry.npmjs.org/hubot-pugme
68 silly fetchNamedPackageData hubot-maps
69 silly mapToRegistry name hubot-maps
70 silly mapToRegistry using default registry
71 silly mapToRegistry registry https://registry.npmjs.org/
72 silly mapToRegistry data Result {
72 silly mapToRegistry   raw: 'hubot-maps',
72 silly mapToRegistry   scope: null,
72 silly mapToRegistry   escapedName: 'hubot-maps',
72 silly mapToRegistry   name: 'hubot-maps',
72 silly mapToRegistry   rawSpec: '',
72 silly mapToRegistry   spec: 'latest',
72 silly mapToRegistry   type: 'tag' }
73 silly mapToRegistry uri https://registry.npmjs.org/hubot-maps
74 silly fetchNamedPackageData hubot-redis-brain
75 silly mapToRegistry name hubot-redis-brain
76 silly mapToRegistry using default registry
77 silly mapToRegistry registry https://registry.npmjs.org/
78 silly mapToRegistry data Result {
78 silly mapToRegistry   raw: 'hubot-redis-brain',
78 silly mapToRegistry   scope: null,
78 silly mapToRegistry   escapedName: 'hubot-redis-brain',
78 silly mapToRegistry   name: 'hubot-redis-brain',
78 silly mapToRegistry   rawSpec: '',
78 silly mapToRegistry   spec: 'latest',
78 silly mapToRegistry   type: 'tag' }
79 silly mapToRegistry uri https://registry.npmjs.org/hubot-redis-brain
80 silly fetchNamedPackageData hubot-rules
81 silly mapToRegistry name hubot-rules
82 silly mapToRegistry using default registry
83 silly mapToRegistry registry https://registry.npmjs.org/
84 silly mapToRegistry data Result {
84 silly mapToRegistry   raw: 'hubot-rules',
84 silly mapToRegistry   scope: null,
84 silly mapToRegistry   escapedName: 'hubot-rules',
84 silly mapToRegistry   name: 'hubot-rules',
84 silly mapToRegistry   rawSpec: '',
84 silly mapToRegistry   spec: 'latest',
84 silly mapToRegistry   type: 'tag' }
85 silly mapToRegistry uri https://registry.npmjs.org/hubot-rules
86 silly fetchNamedPackageData hubot-shipit
87 silly mapToRegistry name hubot-shipit
88 silly mapToRegistry using default registry
89 silly mapToRegistry registry https://registry.npmjs.org/
90 silly mapToRegistry data Result {
90 silly mapToRegistry   raw: 'hubot-shipit',
90 silly mapToRegistry   scope: null,
90 silly mapToRegistry   escapedName: 'hubot-shipit',
90 silly mapToRegistry   name: 'hubot-shipit',
90 silly mapToRegistry   rawSpec: '',
90 silly mapToRegistry   spec: 'latest',
90 silly mapToRegistry   type: 'tag' }
91 silly mapToRegistry uri https://registry.npmjs.org/hubot-shipit
92 silly fetchNamedPackageData hubot-slack
93 silly mapToRegistry name hubot-slack
94 silly mapToRegistry using default registry
95 silly mapToRegistry registry https://registry.npmjs.org/
96 silly mapToRegistry data Result {
96 silly mapToRegistry   raw: 'hubot-slack',
96 silly mapToRegistry   scope: null,
96 silly mapToRegistry   escapedName: 'hubot-slack',
96 silly mapToRegistry   name: 'hubot-slack',
96 silly mapToRegistry   rawSpec: '',
96 silly mapToRegistry   spec: 'latest',
96 silly mapToRegistry   type: 'tag' }
97 silly mapToRegistry uri https://registry.npmjs.org/hubot-slack
98 verbose request uri https://registry.npmjs.org/hubot-scripts
99 verbose request no auth needed
100 info attempt registry request try #1 at 12:06:58 PM
101 verbose request id c6053b409435d8f0
102 http request GET https://registry.npmjs.org/hubot-scripts
103 verbose request uri https://registry.npmjs.org/hubot-diagnostics
104 verbose request no auth needed
105 info attempt registry request try #1 at 12:06:58 PM
106 http request GET https://registry.npmjs.org/hubot-diagnostics
107 verbose request uri https://registry.npmjs.org/hubot-help
108 verbose request no auth needed
109 info attempt registry request try #1 at 12:06:58 PM
110 http request GET https://registry.npmjs.org/hubot-help
111 verbose request uri https://registry.npmjs.org/hubot-heroku-keepalive
112 verbose request no auth needed
113 info attempt registry request try #1 at 12:06:58 PM
114 http request GET https://registry.npmjs.org/hubot-heroku-keepalive
115 verbose request uri https://registry.npmjs.org/hubot-google-images
116 verbose request no auth needed
117 info attempt registry request try #1 at 12:06:58 PM
118 http request GET https://registry.npmjs.org/hubot-google-images
119 verbose request uri https://registry.npmjs.org/hubot-google-translate
120 verbose request no auth needed
121 info attempt registry request try #1 at 12:06:58 PM
122 http request GET https://registry.npmjs.org/hubot-google-translate
123 verbose request uri https://registry.npmjs.org/hubot-pugme
124 verbose request no auth needed
125 info attempt registry request try #1 at 12:06:58 PM
126 http request GET https://registry.npmjs.org/hubot-pugme
127 verbose request uri https://registry.npmjs.org/hubot-maps
128 verbose request no auth needed
129 info attempt registry request try #1 at 12:06:58 PM
130 http request GET https://registry.npmjs.org/hubot-maps
131 verbose request uri https://registry.npmjs.org/hubot-redis-brain
132 verbose request no auth needed
133 info attempt registry request try #1 at 12:06:58 PM
134 http request GET https://registry.npmjs.org/hubot-redis-brain
135 verbose request uri https://registry.npmjs.org/hubot-rules
136 verbose request no auth needed
137 info attempt registry request try #1 at 12:06:58 PM
138 http request GET https://registry.npmjs.org/hubot-rules
139 verbose request uri https://registry.npmjs.org/hubot-shipit
140 verbose request no auth needed
141 info attempt registry request try #1 at 12:06:58 PM
142 http request GET https://registry.npmjs.org/hubot-shipit
143 verbose request uri https://registry.npmjs.org/hubot-slack
144 verbose request no auth needed
145 info attempt registry request try #1 at 12:06:58 PM
146 http request GET https://registry.npmjs.org/hubot-slack
147 verbose request uri https://registry.npmjs.org/hubot
148 verbose request no auth needed
149 info attempt registry request try #1 at 12:06:58 PM
150 verbose etag "EETQNG55R9C7ES546NZEFV00T"
151 http request GET https://registry.npmjs.org/hubot
152 http 200 https://registry.npmjs.org/hubot-slack
153 verbose headers { server: 'CouchDB/1.5.0 (Erlang OTP/R16B03)',
153 verbose headers   etag: '"FO8FLJYCYSY3YYX0N3DTV1LA"',
153 verbose headers   'content-type': 'application/json',
153 verbose headers   'content-encoding': 'gzip',
153 verbose headers   'cache-control': 'max-age=300',
153 verbose headers   'content-length': '7197',
153 verbose headers   'accept-ranges': 'bytes',
153 verbose headers   date: 'Sat, 06 Aug 2016 19:06:58 GMT',
153 verbose headers   via: '1.1 varnish',
153 verbose headers   age: '1',
153 verbose headers   connection: 'keep-alive',
153 verbose headers   'x-served-by': 'cache-sea1925-SEA',
153 verbose headers   'x-cache': 'HIT',
153 verbose headers   'x-cache-hits': '1',
153 verbose headers   'x-timer': 'S1470510418.465385,VS0,VE0',
153 verbose headers   vary: 'Accept-Encoding' }
154 silly get cb [ 200,
154 silly get   { server: 'CouchDB/1.5.0 (Erlang OTP/R16B03)',
154 silly get     etag: '"FO8FLJYCYSY3YYX0N3DTV1LA"',
154 silly get     'content-type': 'application/json',
154 silly get     'content-encoding': 'gzip',
154 silly get     'cache-control': 'max-age=300',
154 silly get     'content-length': '7197',
154 silly get     'accept-ranges': 'bytes',
154 silly get     date: 'Sat, 06 Aug 2016 19:06:58 GMT',
154 silly get     via: '1.1 varnish',
154 silly get     age: '1',
154 silly get     connection: 'keep-alive',
154 silly get     'x-served-by': 'cache-sea1925-SEA',
154 silly get     'x-cache': 'HIT',
154 silly get     'x-cache-hits': '1',
154 silly get     'x-timer': 'S1470510418.465385,VS0,VE0',
154 silly get     vary: 'Accept-Encoding' } ]
155 verbose get saving hubot-slack to /Users/Wesb/.npm/registry.npmjs.org/hubot-slack/.cache.json
156 verbose correctMkdir /Users/Wesb/.npm correctMkdir not in flight; initializing
157 http 200 https://registry.npmjs.org/hubot-pugme
158 verbose headers { server: 'CouchDB/1.5.0 (Erlang OTP/R16B03)',
158 verbose headers   etag: '"EEKN1R8NSDUC4HZXWND71MDFM"',
158 verbose headers   'content-type': 'application/json',
158 verbose headers   'content-encoding': 'gzip',
158 verbose headers   'cache-control': 'max-age=300',
158 verbose headers   'content-length': '1138',
158 verbose headers   'accept-ranges': 'bytes',
158 verbose headers   date: 'Sat, 06 Aug 2016 19:06:58 GMT',
158 verbose headers   via: '1.1 varnish',
158 verbose headers   age: '0',
158 verbose headers   connection: 'keep-alive',
158 verbose headers   'x-served-by': 'cache-sea1926-SEA',
158 verbose headers   'x-cache': 'MISS',
158 verbose headers   'x-cache-hits': '0',
158 verbose headers   'x-timer': 'S1470510418.450240,VS0,VE49',
158 verbose headers   vary: 'Accept-Encoding' }
159 silly get cb [ 200,
159 silly get   { server: 'CouchDB/1.5.0 (Erlang OTP/R16B03)',
159 silly get     etag: '"EEKN1R8NSDUC4HZXWND71MDFM"',
159 silly get     'content-type': 'application/json',
159 silly get     'content-encoding': 'gzip',
159 silly get     'cache-control': 'max-age=300',
159 silly get     'content-length': '1138',
159 silly get     'accept-ranges': 'bytes',
159 silly get     date: 'Sat, 06 Aug 2016 19:06:58 GMT',
159 silly get     via: '1.1 varnish',
159 silly get     age: '0',
159 silly get     connection: 'keep-alive',
159 silly get     'x-served-by': 'cache-sea1926-SEA',
159 silly get     'x-cache': 'MISS',
159 silly get     'x-cache-hits': '0',
159 silly get     'x-timer': 'S1470510418.450240,VS0,VE49',
159 silly get     vary: 'Accept-Encoding' } ]
160 verbose get saving hubot-pugme to /Users/Wesb/.npm/registry.npmjs.org/hubot-pugme/.cache.json
161 verbose correctMkdir /Users/Wesb/.npm correctMkdir not in flight; initializing
162 http 200 https://registry.npmjs.org/hubot-maps
163 verbose headers { server: 'CouchDB/1.5.0 (Erlang OTP/R16B03)',
163 verbose headers   etag: '"6IHH2K69FPEROF9F42PVBQ035"',
163 verbose headers   'content-type': 'application/json',
163 verbose headers   'content-encoding': 'gzip',
163 verbose headers   'cache-control': 'max-age=300',
163 verbose headers   'content-length': '1313',
163 verbose headers   'accept-ranges': 'bytes',
163 verbose headers   date: 'Sat, 06 Aug 2016 19:06:58 GMT',
163 verbose headers   via: '1.1 varnish',
163 verbose headers   age: '0',
163 verbose headers   connection: 'keep-alive',
163 verbose headers   'x-served-by': 'cache-sea1920-SEA',
163 verbose headers   'x-cache': 'MISS',
163 verbose headers   'x-cache-hits': '0',
163 verbose headers   'x-timer': 'S1470510418.452668,VS0,VE49',
163 verbose headers   vary: 'Accept-Encoding' }
164 silly get cb [ 200,
164 silly get   { server: 'CouchDB/1.5.0 (Erlang OTP/R16B03)',
164 silly get     etag: '"6IHH2K69FPEROF9F42PVBQ035"',
164 silly get     'content-type': 'application/json',
164 silly get     'content-encoding': 'gzip',
164 silly get     'cache-control': 'max-age=300',
164 silly get     'content-length': '1313',
164 silly get     'accept-ranges': 'bytes',
164 silly get     date: 'Sat, 06 Aug 2016 19:06:58 GMT',
164 silly get     via: '1.1 varnish',
164 silly get     age: '0',
164 silly get     connection: 'keep-alive',
164 silly get     'x-served-by': 'cache-sea1920-SEA',
164 silly get     'x-cache': 'MISS',
164 silly get     'x-cache-hits': '0',
164 silly get     'x-timer': 'S1470510418.452668,VS0,VE49',
164 silly get     vary: 'Accept-Encoding' } ]
165 verbose get saving hubot-maps to /Users/Wesb/.npm/registry.npmjs.org/hubot-maps/.cache.json
166 verbose correctMkdir /Users/Wesb/.npm correctMkdir not in flight; initializing
167 http 200 https://registry.npmjs.org/hubot-scripts
168 verbose headers { server: 'CouchDB/1.5.0 (Erlang OTP/R16B03)',
168 verbose headers   etag: '"DQCJNBIB1RN66IQR4ZBKWQP52"',
168 verbose headers   'content-type': 'application/json',
168 verbose headers   'content-encoding': 'gzip',
168 verbose headers   'cache-control': 'max-age=300',
168 verbose headers   'content-length': '8706',
168 verbose headers   'accept-ranges': 'bytes',
168 verbose headers   date: 'Sat, 06 Aug 2016 19:06:58 GMT',
168 verbose headers   via: '1.1 varnish',
168 verbose headers   age: '0',
168 verbose headers   connection: 'keep-alive',
168 verbose headers   'x-served-by': 'cache-sea1926-SEA',
168 verbose headers   'x-cache': 'MISS',
168 verbose headers   'x-cache-hits': '0',
168 verbose headers   'x-timer': 'S1470510418.450336,VS0,VE111',
168 verbose headers   vary: 'Accept-Encoding' }
169 silly get cb [ 200,
169 silly get   { server: 'CouchDB/1.5.0 (Erlang OTP/R16B03)',
169 silly get     etag: '"DQCJNBIB1RN66IQR4ZBKWQP52"',
169 silly get     'content-type': 'application/json',
169 silly get     'content-encoding': 'gzip',
169 silly get     'cache-control': 'max-age=300',
169 silly get     'content-length': '8706',
169 silly get     'accept-ranges': 'bytes',
169 silly get     date: 'Sat, 06 Aug 2016 19:06:58 GMT',
169 silly get     via: '1.1 varnish',
169 silly get     age: '0',
169 silly get     connection: 'keep-alive',
169 silly get     'x-served-by': 'cache-sea1926-SEA',
169 silly get     'x-cache': 'MISS',
169 silly get     'x-cache-hits': '0',
169 silly get     'x-timer': 'S1470510418.450336,VS0,VE111',
169 silly get     vary: 'Accept-Encoding' } ]
170 verbose get saving hubot-scripts to /Users/Wesb/.npm/registry.npmjs.org/hubot-scripts/.cache.json
171 verbose correctMkdir /Users/Wesb/.npm correctMkdir not in flight; initializing
172 http 200 https://registry.npmjs.org/hubot-heroku-keepalive
173 verbose headers { server: 'CouchDB/1.5.0 (Erlang OTP/R16B03)',
173 verbose headers   etag: '"8NR4W09OH3QYSTI17CGZSEF3W"',
173 verbose headers   'content-type': 'application/json',
173 verbose headers   'content-encoding': 'gzip',
173 verbose headers   'cache-control': 'max-age=300',
173 verbose headers   'content-length': '3393',
173 verbose headers   'accept-ranges': 'bytes',
173 verbose headers   date: 'Sat, 06 Aug 2016 19:06:58 GMT',
173 verbose headers   via: '1.1 varnish',
173 verbose headers   age: '0',
173 verbose headers   connection: 'keep-alive',
173 verbose headers   'x-served-by': 'cache-sea1924-SEA',
173 verbose headers   'x-cache': 'MISS',
173 verbose headers   'x-cache-hits': '0',
173 verbose headers   'x-timer': 'S1470510418.467260,VS0,VE109',
173 verbose headers   vary: 'Accept-Encoding' }
174 silly get cb [ 200,
174 silly get   { server: 'CouchDB/1.5.0 (Erlang OTP/R16B03)',
174 silly get     etag: '"8NR4W09OH3QYSTI17CGZSEF3W"',
174 silly get     'content-type': 'application/json',
174 silly get     'content-encoding': 'gzip',
174 silly get     'cache-control': 'max-age=300',
174 silly get     'content-length': '3393',
174 silly get     'accept-ranges': 'bytes',
174 silly get     date: 'Sat, 06 Aug 2016 19:06:58 GMT',
174 silly get     via: '1.1 varnish',
174 silly get     age: '0',
174 silly get     connection: 'keep-alive',
174 silly get     'x-served-by': 'cache-sea1924-SEA',
174 silly get     'x-cache': 'MISS',
174 silly get     'x-cache-hits': '0',
174 silly get     'x-timer': 'S1470510418.467260,VS0,VE109',
174 silly get     vary: 'Accept-Encoding' } ]
175 verbose get saving hubot-heroku-keepalive to /Users/Wesb/.npm/registry.npmjs.org/hubot-heroku-keepalive/.cache.json
176 verbose correctMkdir /Users/Wesb/.npm correctMkdir not in flight; initializing
177 http 200 https://registry.npmjs.org/hubot-google-images
178 verbose headers { server: 'CouchDB/1.5.0 (Erlang OTP/R16B03)',
178 verbose headers   etag: '"6E7ETP2NY8LT9RQFJYU3DBPNF"',
178 verbose headers   'content-type': 'application/json',
178 verbose headers   'content-encoding': 'gzip',
178 verbose headers   'cache-control': 'max-age=300',
178 verbose headers   'content-length': '3792',
178 verbose headers   'accept-ranges': 'bytes',
178 verbose headers   date: 'Sat, 06 Aug 2016 19:06:58 GMT',
178 verbose headers   via: '1.1 varnish',
178 verbose headers   age: '0',
178 verbose headers   connection: 'keep-alive',
178 verbose headers   'x-served-by': 'cache-sea1925-SEA',
178 verbose headers   'x-cache': 'MISS',
178 verbose headers   'x-cache-hits': '0',
178 verbose headers   'x-timer': 'S1470510418.460193,VS0,VE115',
178 verbose headers   vary: 'Accept-Encoding' }
179 silly get cb [ 200,
179 silly get   { server: 'CouchDB/1.5.0 (Erlang OTP/R16B03)',
179 silly get     etag: '"6E7ETP2NY8LT9RQFJYU3DBPNF"',
179 silly get     'content-type': 'application/json',
179 silly get     'content-encoding': 'gzip',
179 silly get     'cache-control': 'max-age=300',
179 silly get     'content-length': '3792',
179 silly get     'accept-ranges': 'bytes',
179 silly get     date: 'Sat, 06 Aug 2016 19:06:58 GMT',
179 silly get     via: '1.1 varnish',
179 silly get     age: '0',
179 silly get     connection: 'keep-alive',
179 silly get     'x-served-by': 'cache-sea1925-SEA',
179 silly get     'x-cache': 'MISS',
179 silly get     'x-cache-hits': '0',
179 silly get     'x-timer': 'S1470510418.460193,VS0,VE115',
179 silly get     vary: 'Accept-Encoding' } ]
180 verbose get saving hubot-google-images to /Users/Wesb/.npm/registry.npmjs.org/hubot-google-images/.cache.json
181 verbose correctMkdir /Users/Wesb/.npm correctMkdir not in flight; initializing
182 http 200 https://registry.npmjs.org/hubot-redis-brain
183 verbose headers { server: 'CouchDB/1.5.0 (Erlang OTP/R16B03)',
183 verbose headers   etag: '"A09HRQQWT6V5UGFY47JCUP9UQ"',
183 verbose headers   'content-type': 'application/json',
183 verbose headers   'content-encoding': 'gzip',
183 verbose headers   'cache-control': 'max-age=300',
183 verbose headers   'content-length': '1948',
183 verbose headers   'accept-ranges': 'bytes',
183 verbose headers   date: 'Sat, 06 Aug 2016 19:06:58 GMT',
183 verbose headers   via: '1.1 varnish',
183 verbose headers   age: '0',
183 verbose headers   connection: 'keep-alive',
183 verbose headers   'x-served-by': 'cache-sea1923-SEA',
183 verbose headers   'x-cache': 'MISS',
183 verbose headers   'x-cache-hits': '0',
183 verbose headers   'x-timer': 'S1470510418.453588,VS0,VE172',
183 verbose headers   vary: 'Accept-Encoding' }
184 silly get cb [ 200,
184 silly get   { server: 'CouchDB/1.5.0 (Erlang OTP/R16B03)',
184 silly get     etag: '"A09HRQQWT6V5UGFY47JCUP9UQ"',
184 silly get     'content-type': 'application/json',
184 silly get     'content-encoding': 'gzip',
184 silly get     'cache-control': 'max-age=300',
184 silly get     'content-length': '1948',
184 silly get     'accept-ranges': 'bytes',
184 silly get     date: 'Sat, 06 Aug 2016 19:06:58 GMT',
184 silly get     via: '1.1 varnish',
184 silly get     age: '0',
184 silly get     connection: 'keep-alive',
184 silly get     'x-served-by': 'cache-sea1923-SEA',
184 silly get     'x-cache': 'MISS',
184 silly get     'x-cache-hits': '0',
184 silly get     'x-timer': 'S1470510418.453588,VS0,VE172',
184 silly get     vary: 'Accept-Encoding' } ]
185 verbose get saving hubot-redis-brain to /Users/Wesb/.npm/registry.npmjs.org/hubot-redis-brain/.cache.json
186 verbose correctMkdir /Users/Wesb/.npm correctMkdir not in flight; initializing
187 http 200 https://registry.npmjs.org/hubot-rules
188 verbose headers { server: 'CouchDB/1.5.0 (Erlang OTP/R16B03)',
188 verbose headers   etag: '"BMPTBVMMPVBT70MAM9AGAPBP9"',
188 verbose headers   'content-type': 'application/json',
188 verbose headers   'content-encoding': 'gzip',
188 verbose headers   'cache-control': 'max-age=300',
188 verbose headers   'content-length': '1443',
188 verbose headers   'accept-ranges': 'bytes',
188 verbose headers   date: 'Sat, 06 Aug 2016 19:06:58 GMT',
188 verbose headers   via: '1.1 varnish',
188 verbose headers   age: '0',
188 verbose headers   connection: 'keep-alive',
188 verbose headers   'x-served-by': 'cache-sea1923-SEA',
188 verbose headers   'x-cache': 'MISS',
188 verbose headers   'x-cache-hits': '0',
188 verbose headers   'x-timer': 'S1470510418.451979,VS0,VE178',
188 verbose headers   vary: 'Accept-Encoding' }
189 silly get cb [ 200,
189 silly get   { server: 'CouchDB/1.5.0 (Erlang OTP/R16B03)',
189 silly get     etag: '"BMPTBVMMPVBT70MAM9AGAPBP9"',
189 silly get     'content-type': 'application/json',
189 silly get     'content-encoding': 'gzip',
189 silly get     'cache-control': 'max-age=300',
189 silly get     'content-length': '1443',
189 silly get     'accept-ranges': 'bytes',
189 silly get     date: 'Sat, 06 Aug 2016 19:06:58 GMT',
189 silly get     via: '1.1 varnish',
189 silly get     age: '0',
189 silly get     connection: 'keep-alive',
189 silly get     'x-served-by': 'cache-sea1923-SEA',
189 silly get     'x-cache': 'MISS',
189 silly get     'x-cache-hits': '0',
189 silly get     'x-timer': 'S1470510418.451979,VS0,VE178',
189 silly get     vary: 'Accept-Encoding' } ]
190 verbose get saving hubot-rules to /Users/Wesb/.npm/registry.npmjs.org/hubot-rules/.cache.json
191 verbose correctMkdir /Users/Wesb/.npm correctMkdir not in flight; initializing
192 http 200 https://registry.npmjs.org/hubot-google-translate
193 verbose headers { server: 'CouchDB/1.6.1 (Erlang OTP/R16B03)',
193 verbose headers   etag: '"1AI1GKUOV2AZHP1ZPKKXLOR1H"',
193 verbose headers   'content-type': 'application/json',
193 verbose headers   'content-encoding': 'gzip',
193 verbose headers   'cache-control': 'max-age=300',
193 verbose headers   'content-length': '1304',
193 verbose headers   'accept-ranges': 'bytes',
193 verbose headers   date: 'Sat, 06 Aug 2016 19:06:58 GMT',
193 verbose headers   via: '1.1 varnish',
193 verbose headers   age: '0',
193 verbose headers   connection: 'keep-alive',
193 verbose headers   'x-served-by': 'cache-sea1925-SEA',
193 verbose headers   'x-cache': 'MISS',
193 verbose headers   'x-cache-hits': '0',
193 verbose headers   'x-timer': 'S1470510418.450894,VS0,VE184',
193 verbose headers   vary: 'Accept-Encoding' }
194 silly get cb [ 200,
194 silly get   { server: 'CouchDB/1.6.1 (Erlang OTP/R16B03)',
194 silly get     etag: '"1AI1GKUOV2AZHP1ZPKKXLOR1H"',
194 silly get     'content-type': 'application/json',
194 silly get     'content-encoding': 'gzip',
194 silly get     'cache-control': 'max-age=300',
194 silly get     'content-length': '1304',
194 silly get     'accept-ranges': 'bytes',
194 silly get     date: 'Sat, 06 Aug 2016 19:06:58 GMT',
194 silly get     via: '1.1 varnish',
194 silly get     age: '0',
194 silly get     connection: 'keep-alive',
194 silly get     'x-served-by': 'cache-sea1925-SEA',
194 silly get     'x-cache': 'MISS',
194 silly get     'x-cache-hits': '0',
194 silly get     'x-timer': 'S1470510418.450894,VS0,VE184',
194 silly get     vary: 'Accept-Encoding' } ]
195 verbose get saving hubot-google-translate to /Users/Wesb/.npm/registry.npmjs.org/hubot-google-translate/.cache.json
196 verbose correctMkdir /Users/Wesb/.npm correctMkdir not in flight; initializing
197 http 200 https://registry.npmjs.org/hubot-help
198 verbose headers { server: 'CouchDB/1.5.0 (Erlang OTP/R16B03)',
198 verbose headers   etag: '"8F98EZKGK8VZ6W6AT4JDV0RR7"',
198 verbose headers   'content-type': 'application/json',
198 verbose headers   'content-encoding': 'gzip',
198 verbose headers   'cache-control': 'max-age=300',
198 verbose headers   'content-length': '1668',
198 verbose headers   'accept-ranges': 'bytes',
198 verbose headers   date: 'Sat, 06 Aug 2016 19:06:58 GMT',
198 verbose headers   via: '1.1 varnish',
198 verbose headers   age: '0',
198 verbose headers   connection: 'keep-alive',
198 verbose headers   'x-served-by': 'cache-sea1926-SEA',
198 verbose headers   'x-cache': 'MISS',
198 verbose headers   'x-cache-hits': '0',
198 verbose headers   'x-timer': 'S1470510418.451432,VS0,VE187',
198 verbose headers   vary: 'Accept-Encoding' }
199 silly get cb [ 200,
199 silly get   { server: 'CouchDB/1.5.0 (Erlang OTP/R16B03)',
199 silly get     etag: '"8F98EZKGK8VZ6W6AT4JDV0RR7"',
199 silly get     'content-type': 'application/json',
199 silly get     'content-encoding': 'gzip',
199 silly get     'cache-control': 'max-age=300',
199 silly get     'content-length': '1668',
199 silly get     'accept-ranges': 'bytes',
199 silly get     date: 'Sat, 06 Aug 2016 19:06:58 GMT',
199 silly get     via: '1.1 varnish',
199 silly get     age: '0',
199 silly get     connection: 'keep-alive',
199 silly get     'x-served-by': 'cache-sea1926-SEA',
199 silly get     'x-cache': 'MISS',
199 silly get     'x-cache-hits': '0',
199 silly get     'x-timer': 'S1470510418.451432,VS0,VE187',
199 silly get     vary: 'Accept-Encoding' } ]
200 verbose get saving hubot-help to /Users/Wesb/.npm/registry.npmjs.org/hubot-help/.cache.json
201 verbose correctMkdir /Users/Wesb/.npm correctMkdir not in flight; initializing
202 http 304 https://registry.npmjs.org/hubot
203 verbose headers { date: 'Sat, 06 Aug 2016 19:06:58 GMT',
203 verbose headers   via: '1.1 varnish',
203 verbose headers   'cache-control': 'max-age=300',
203 verbose headers   etag: '"EETQNG55R9C7ES546NZEFV00T"',
203 verbose headers   age: '0',
203 verbose headers   connection: 'keep-alive',
203 verbose headers   'x-served-by': 'cache-sea1920-SEA',
203 verbose headers   'x-cache': 'MISS',
203 verbose headers   'x-cache-hits': '0',
203 verbose headers   'x-timer': 'S1470510418.458421,VS0,VE235',
203 verbose headers   vary: 'Accept-Encoding' }
204 silly get cb [ 304,
204 silly get   { date: 'Sat, 06 Aug 2016 19:06:58 GMT',
204 silly get     via: '1.1 varnish',
204 silly get     'cache-control': 'max-age=300',
204 silly get     etag: '"EETQNG55R9C7ES546NZEFV00T"',
204 silly get     age: '0',
204 silly get     connection: 'keep-alive',
204 silly get     'x-served-by': 'cache-sea1920-SEA',
204 silly get     'x-cache': 'MISS',
204 silly get     'x-cache-hits': '0',
204 silly get     'x-timer': 'S1470510418.458421,VS0,VE235',
204 silly get     vary: 'Accept-Encoding' } ]
205 verbose etag https://registry.npmjs.org/hubot from cache
206 verbose get saving hubot to /Users/Wesb/.npm/registry.npmjs.org/hubot/.cache.json
207 verbose correctMkdir /Users/Wesb/.npm correctMkdir not in flight; initializing
208 http 200 https://registry.npmjs.org/hubot-diagnostics
209 verbose headers { server: 'CouchDB/1.5.0 (Erlang OTP/R16B03)',
209 verbose headers   etag: '"106XAJRQ3U3QEUCO9KTFI2EDN"',
209 verbose headers   'content-type': 'application/json',
209 verbose headers   'content-encoding': 'gzip',
209 verbose headers   'cache-control': 'max-age=300',
209 verbose headers   'content-length': '1005',
209 verbose headers   'accept-ranges': 'bytes',
209 verbose headers   date: 'Sat, 06 Aug 2016 19:06:58 GMT',
209 verbose headers   via: '1.1 varnish',
209 verbose headers   age: '0',
209 verbose headers   connection: 'keep-alive',
209 verbose headers   'x-served-by': 'cache-sea1926-SEA',
209 verbose headers   'x-cache': 'MISS',
209 verbose headers   'x-cache-hits': '0',
209 verbose headers   'x-timer': 'S1470510418.447934,VS0,VE326',
209 verbose headers   vary: 'Accept-Encoding' }
210 silly get cb [ 200,
210 silly get   { server: 'CouchDB/1.5.0 (Erlang OTP/R16B03)',
210 silly get     etag: '"106XAJRQ3U3QEUCO9KTFI2EDN"',
210 silly get     'content-type': 'application/json',
210 silly get     'content-encoding': 'gzip',
210 silly get     'cache-control': 'max-age=300',
210 silly get     'content-length': '1005',
210 silly get     'accept-ranges': 'bytes',
210 silly get     date: 'Sat, 06 Aug 2016 19:06:58 GMT',
210 silly get     via: '1.1 varnish',
210 silly get     age: '0',
210 silly get     connection: 'keep-alive',
210 silly get     'x-served-by': 'cache-sea1926-SEA',
210 silly get     'x-cache': 'MISS',
210 silly get     'x-cache-hits': '0',
210 silly get     'x-timer': 'S1470510418.447934,VS0,VE326',
210 silly get     vary: 'Accept-Encoding' } ]
211 verbose get saving hubot-diagnostics to /Users/Wesb/.npm/registry.npmjs.org/hubot-diagnostics/.cache.json
212 verbose correctMkdir /Users/Wesb/.npm correctMkdir not in flight; initializing
213 http 200 https://registry.npmjs.org/hubot-shipit
214 verbose headers { server: 'CouchDB/1.5.0 (Erlang OTP/R16B03)',
214 verbose headers   etag: '"EU09ZMXYKIL2EKWKNBMGJJ7OU"',
214 verbose headers   'content-type': 'application/json',
214 verbose headers   'content-encoding': 'gzip',
214 verbose headers   'cache-control': 'max-age=300',
214 verbose headers   'content-length': '1490',
214 verbose headers   'accept-ranges': 'bytes',
214 verbose headers   date: 'Sat, 06 Aug 2016 19:06:58 GMT',
214 verbose headers   via: '1.1 varnish',
214 verbose headers   age: '0',
214 verbose headers   connection: 'keep-alive',
214 verbose headers   'x-served-by': 'cache-sea1924-SEA',
214 verbose headers   'x-cache': 'MISS',
214 verbose headers   'x-cache-hits': '0',
214 verbose headers   'x-timer': 'S1470510418.467270,VS0,VE365',
214 verbose headers   vary: 'Accept-Encoding' }
215 silly get cb [ 200,
215 silly get   { server: 'CouchDB/1.5.0 (Erlang OTP/R16B03)',
215 silly get     etag: '"EU09ZMXYKIL2EKWKNBMGJJ7OU"',
215 silly get     'content-type': 'application/json',
215 silly get     'content-encoding': 'gzip',
215 silly get     'cache-control': 'max-age=300',
215 silly get     'content-length': '1490',
215 silly get     'accept-ranges': 'bytes',
215 silly get     date: 'Sat, 06 Aug 2016 19:06:58 GMT',
215 silly get     via: '1.1 varnish',
215 silly get     age: '0',
215 silly get     connection: 'keep-alive',
215 silly get     'x-served-by': 'cache-sea1924-SEA',
215 silly get     'x-cache': 'MISS',
215 silly get     'x-cache-hits': '0',
215 silly get     'x-timer': 'S1470510418.467270,VS0,VE365',
215 silly get     vary: 'Accept-Encoding' } ]
216 verbose get saving hubot-shipit to /Users/Wesb/.npm/registry.npmjs.org/hubot-shipit/.cache.json
217 verbose correctMkdir /Users/Wesb/.npm correctMkdir not in flight; initializing
218 silly install normalizeTree
219 silly loadCurrentTree Finishing
220 silly loadIdealTree Starting
221 silly install loadIdealTree
222 silly cloneCurrentTree Starting
223 silly install cloneCurrentTreeToIdealTree
224 silly cloneCurrentTree Finishing
225 silly loadShrinkwrap Starting
226 silly install loadShrinkwrap
227 silly loadShrinkwrap Finishing
228 silly loadAllDepsIntoIdealTree Starting
229 silly install loadAllDepsIntoIdealTree
230 silly rollbackFailedOptional Starting
231 silly rollbackFailedOptional Finishing
232 silly runTopLevelLifecycles Starting
233 silly runTopLevelLifecycles Finishing
234 silly install printInstalled
235 verbose stack Error: Refusing to install hubot as a dependency of itself
235 verbose stack     at checkSelf (/usr/local/lib/node_modules/npm/lib/install/validate-args.js:53:14)
235 verbose stack     at Array.<anonymous> (/usr/local/lib/node_modules/npm/node_modules/slide/lib/bind-actor.js:15:8)
235 verbose stack     at LOOP (/usr/local/lib/node_modules/npm/node_modules/slide/lib/chain.js:15:14)
235 verbose stack     at chain (/usr/local/lib/node_modules/npm/node_modules/slide/lib/chain.js:20:5)
235 verbose stack     at /usr/local/lib/node_modules/npm/lib/install/validate-args.js:16:5
235 verbose stack     at /usr/local/lib/node_modules/npm/node_modules/slide/lib/async-map.js:52:35
235 verbose stack     at Array.forEach (native)
235 verbose stack     at /usr/local/lib/node_modules/npm/node_modules/slide/lib/async-map.js:52:11
235 verbose stack     at Array.forEach (native)
235 verbose stack     at asyncMap (/usr/local/lib/node_modules/npm/node_modules/slide/lib/async-map.js:51:8)
236 verbose cwd /Users/Wesb/hubot
237 error Darwin 15.4.0
238 error argv "/usr/local/bin/node" "/usr/local/bin/npm" "install" "hubot" "hubot-scripts" "hubot-diagnostics" "hubot-help" "hubot-heroku-keepalive" "hubot-google-images" "hubot-google-translate" "hubot-pugme" "hubot-maps" "hubot-redis-brain" "hubot-rules" "hubot-shipit" "hubot-slack" "--save"
239 error node v4.4.7
240 error npm  v3.10.5
241 error code ENOSELF
242 error Refusing to install hubot as a dependency of itself
243 error If you need help, you may report this error at:
243 error     <https://github.com/npm/npm/issues>
244 verbose exit [ 1, true ]
